mode: set
github.com/EnclaveRunner/shareddeps/main.go:22.3,24.16 2 0
github.com/EnclaveRunner/shareddeps/main.go:24.16,26.3 1 0
github.com/EnclaveRunner/shareddeps/main.go:28.2,28.38 1 0
github.com/EnclaveRunner/shareddeps/main.go:28.38,30.3 1 0
github.com/EnclaveRunner/shareddeps/main.go:32.2,44.44 5 0
github.com/EnclaveRunner/shareddeps/main.go:49.14,51.41 2 0
github.com/EnclaveRunner/shareddeps/main.go:51.41,53.3 1 0
github.com/EnclaveRunner/shareddeps/config/config.go:26.44,28.2 1 0
github.com/EnclaveRunner/shareddeps/config/config.go:30.52,31.29 1 1
github.com/EnclaveRunner/shareddeps/config/config.go:31.29,35.48 3 1
github.com/EnclaveRunner/shareddeps/config/config.go:35.48,38.48 2 1
github.com/EnclaveRunner/shareddeps/config/config.go:38.48,40.5 1 1
github.com/EnclaveRunner/shareddeps/config/config.go:40.10,43.13 2 0
github.com/EnclaveRunner/shareddeps/config/config.go:51.57,53.2 1 1
github.com/EnclaveRunner/shareddeps/config/config.go:57.82,60.20 2 1
github.com/EnclaveRunner/shareddeps/config/config.go:60.20,62.3 1 0
github.com/EnclaveRunner/shareddeps/config/config.go:64.2,84.25 10 1
github.com/EnclaveRunner/shareddeps/config/config.go:84.25,86.3 1 0
github.com/EnclaveRunner/shareddeps/config/config.go:88.2,89.26 2 1
github.com/EnclaveRunner/shareddeps/config/config.go:89.26,91.50 2 1
github.com/EnclaveRunner/shareddeps/config/config.go:91.50,93.41 2 1
github.com/EnclaveRunner/shareddeps/config/config.go:93.41,95.5 1 1
github.com/EnclaveRunner/shareddeps/config/config.go:97.4,97.78 1 1
github.com/EnclaveRunner/shareddeps/config/config.go:100.3,100.61 1 0
github.com/EnclaveRunner/shareddeps/config/config.go:104.2,104.35 1 1
github.com/EnclaveRunner/shareddeps/config/config.go:105.15,106.45 1 1
github.com/EnclaveRunner/shareddeps/config/config.go:107.14,108.44 1 1
github.com/EnclaveRunner/shareddeps/config/config.go:109.14,110.44 1 0
github.com/EnclaveRunner/shareddeps/config/config.go:111.15,112.45 1 0
github.com/EnclaveRunner/shareddeps/config/config.go:115.2,115.42 1 1
github.com/EnclaveRunner/shareddeps/config/config.go:115.42,117.3 1 1
github.com/EnclaveRunner/shareddeps/config/config.go:119.2,121.12 2 1
